<?xml version="1.0" encoding="UTF-8"?>
<!-- Generated by org.testng.reporters.JUnitXMLReporter -->
<testsuite hostname="Zaiweis-MacBook-Air.local" ignored="2" name="Default test" tests="3" failures="0" timestamp="11 Jul 2021 10:23:17 GMT" time="1.497" errors="0">
  <testcase name="test_calculate_total_delivery_price" time="1.15" classname="run.test.api.TestPostageCost"/>
  <testcase name="test_postage_and_extra_cover" time="0.154" classname="run.test.api.TestPostageCost"/>
  <testcase name="test_retrieve_post_parcel_sizes" time="0.15" classname="run.test.api.TestPostageCost"/>
  <testcase name="test_postage_cost" time="0.0" classname="run.test.api.TestPostageCost">
    <ignored/>
  </testcase> <!-- test_postage_cost -->
  <testcase name="test_country" time="0.0" classname="run.test.api.TestPostageCost">
    <ignored/>
  </testcase> <!-- test_country -->
</testsuite> <!-- Default test -->
