<?xml version="1.0" encoding="UTF-8"?>
<!-- Generated by org.testng.reporters.JUnitXMLReporter -->
<testsuite hostname="Zaiweis-MacBook-Air.local" ignored="0" name="Default test" tests="3" failures="0" timestamp="11 Jul 2021 12:02:42 GMT" time="2.422" errors="0">
  <testcase name="test_retrieve_post_parcel_sizes" time="1.913" classname="run.test.api.TestPostageCost"/>
  <testcase name="test_postage_and_extra_cover" time="0.268" classname="run.test.api.TestPostageCost"/>
  <testcase name="test_calculate_total_delivery_price" time="0.186" classname="run.test.api.TestPostageCost"/>
</testsuite> <!-- Default test -->
