<?xml version="1.0" encoding="UTF-8"?>
<!-- Generated by org.testng.reporters.JUnitXMLReporter -->
<testsuite hostname="Zaiweis-MacBook-Air.local" ignored="0" name="Test" tests="4" failures="0" timestamp="26 Sep 2020 08:20:31 GMT" time="18.815" errors="0">
  <testcase name="test_calculate_total_delivery_price_with_express_api" time="2.751" classname="run.test.api.testAuspostApi"/>
  <testcase name="test_calculate_total_delivery_price_with_regual_api" time="0.285" classname="run.test.api.testAuspostApi"/>
  <testcase name="runScenario" time="10.69" classname="cucumber.api.testng.AbstractTestNGCucumberTests"/>
  <testcase name="runScenario" time="7.505" classname="cucumber.api.testng.AbstractTestNGCucumberTests"/>
</testsuite> <!-- Test -->
