<?xml version="1.0" encoding="UTF-8"?>
<testng-results skipped="0" failed="0" ignored="2" total="5" passed="3">
  <reporter-output>
  </reporter-output>
  <suite name="Default suite" duration-ms="1497" started-at="2021-07-11T10:23:15Z" finished-at="2021-07-11T10:23:17Z">
    <groups>
    </groups>
    <test name="Default test" duration-ms="1497" started-at="2021-07-11T10:23:15Z" finished-at="2021-07-11T10:23:17Z">
      <class name="run.test.api.TestPostageCost">
        <test-method status="PASS" signature="test_calculate_total_delivery_price()[pri:0, instance:run.test.api.TestPostageCost@147a5d08]" name="test_calculate_total_delivery_price" duration-ms="1150" started-at="2021-07-11T20:23:15Z" finished-at="2021-07-11T20:23:16Z">
          <reporter-output>
          </reporter-output>
        </test-method> <!-- test_calculate_total_delivery_price -->
        <test-method status="PASS" signature="test_postage_and_extra_cover()[pri:0, instance:run.test.api.TestPostageCost@147a5d08]" name="test_postage_and_extra_cover" duration-ms="154" started-at="2021-07-11T20:23:16Z" finished-at="2021-07-11T20:23:17Z">
          <reporter-output>
          </reporter-output>
        </test-method> <!-- test_postage_and_extra_cover -->
        <test-method status="PASS" signature="test_retrieve_post_parcel_sizes()[pri:0, instance:run.test.api.TestPostageCost@147a5d08]" name="test_retrieve_post_parcel_sizes" duration-ms="150" started-at="2021-07-11T20:23:17Z" finished-at="2021-07-11T20:23:17Z">
          <reporter-output>
          </reporter-output>
        </test-method> <!-- test_retrieve_post_parcel_sizes -->
      </class> <!-- run.test.api.TestPostageCost -->
    </test> <!-- Default test -->
  </suite> <!-- Default suite -->
</testng-results>
