<?xml version="1.0" encoding="UTF-8"?>
<testng-results skipped="0" failed="0" ignored="0" total="4" passed="4">
  <reporter-output>
    <line>
      <![CDATA[<div "result">user go to Australia Post Calculate postage (PASSED : 2s)</div>]]>
    </line>
    <line>
      <![CDATA[<div "result">user Enter a source &quot;2151&quot; and destination postcode &quot;2150&quot; and selecting from the dropdown list (PASSED : 2s)</div>]]>
    </line>
    <line>
      <![CDATA[<div "result">user click on the Go button (PASSED : 0s)</div>]]>
    </line>
    <line>
      <![CDATA[<div "result">Validate the cost express post and parcel post (PASSED : 0s)</div>]]>
    </line>
    <line>
      <![CDATA[<div "result">user go to Australia Post Calculate postage (PASSED : 1s)</div>]]>
    </line>
    <line>
      <![CDATA[<div "result">user Enter a source &quot;2151&quot; and destination postcode &quot;2150&quot; and selecting from the dropdown list (PASSED : 2s)</div>]]>
    </line>
    <line>
      <![CDATA[<div "result">user click on the Go button (PASSED : 0s)</div>]]>
    </line>
    <line>
      <![CDATA[<div "result">user type 10,18,2020-09-27 for calculate postage (PASSED : 1s)</div>]]>
    </line>
    <line>
      <![CDATA[<div "result">Validate the cost express post and parcel post after setting size and date (PASSED : 0s)</div>]]>
    </line>
  </reporter-output>
  <suite name="Suite" duration-ms="19510" started-at="2020-09-26T09:42:51Z" finished-at="2020-09-26T09:43:10Z">
    <groups>
      <group name="cucumber">
        <method signature="AbstractTestNGCucumberTests.runScenario(cucumber.api.testng.PickleEventWrapper, cucumber.api.testng.CucumberFeatureWrapper)[pri:0, instance:run.test.ui.RunTest@6295d394]" name="runScenario" class="cucumber.api.testng.AbstractTestNGCucumberTests"/>
      </group> <!-- cucumber -->
      <group name="API">
        <method signature="TestAuspostApi.test_calculate_total_delivery_price_with_express_api(java.lang.String, java.lang.String, java.lang.String, java.lang.String, java.lang.String, java.lang.String, java.lang.String, java.lang.String)[pri:0, instance:run.test.api.TestAuspostApi@475e586c]" name="test_calculate_total_delivery_price_with_express_api" class="run.test.api.TestAuspostApi"/>
        <method signature="TestAuspostApi.test_calculate_total_delivery_price_with_regual_api(java.lang.String, java.lang.String, java.lang.String, java.lang.String, java.lang.String, java.lang.String, java.lang.String, java.lang.String)[pri:0, instance:run.test.api.TestAuspostApi@475e586c]" name="test_calculate_total_delivery_price_with_regual_api" class="run.test.api.TestAuspostApi"/>
      </group> <!-- API -->
    </groups>
    <test name="Test" duration-ms="19510" started-at="2020-09-26T09:42:51Z" finished-at="2020-09-26T09:43:10Z">
      <class name="run.test.api.TestAuspostApi">
        <test-method status="PASS" signature="testApiSetup()[pri:0, instance:run.test.api.TestAuspostApi@475e586c]" name="testApiSetup" is-config="true" duration-ms="1006" started-at="2020-09-26T19:42:51Z" finished-at="2020-09-26T19:42:52Z">
          <reporter-output>
          </reporter-output>
        </test-method> <!-- testApiSetup -->
        <test-method status="PASS" signature="test_calculate_total_delivery_price_with_express_api(java.lang.String, java.lang.String, java.lang.String, java.lang.String, java.lang.String, java.lang.String, java.lang.String, java.lang.String)[pri:0, instance:run.test.api.TestAuspostApi@475e586c]" name="test_calculate_total_delivery_price_with_express_api" duration-ms="2114" started-at="2020-09-26T19:42:52Z" finished-at="2020-09-26T19:42:54Z">
          <params>
            <param index="0">
              <value>
                <![CDATA[https://digitalapi.auspost.com.au]]>
              </value>
            </param>
            <param index="1">
              <value>
                <![CDATA[2000]]>
              </value>
            </param>
            <param index="2">
              <value>
                <![CDATA[3000]]>
              </value>
            </param>
            <param index="3">
              <value>
                <![CDATA[11]]>
              </value>
            </param>
            <param index="4">
              <value>
                <![CDATA[0]]>
              </value>
            </param>
            <param index="5">
              <value>
                <![CDATA[0]]>
              </value>
            </param>
            <param index="6">
              <value>
                <![CDATA[11]]>
              </value>
            </param>
            <param index="7">
              <value>
                <![CDATA[AUS_PARCEL_EXPRESS]]>
              </value>
            </param>
          </params>
          <reporter-output>
          </reporter-output>
        </test-method> <!-- test_calculate_total_delivery_price_with_express_api -->
        <test-method status="PASS" signature="test_calculate_total_delivery_price_with_regual_api(java.lang.String, java.lang.String, java.lang.String, java.lang.String, java.lang.String, java.lang.String, java.lang.String, java.lang.String)[pri:0, instance:run.test.api.TestAuspostApi@475e586c]" name="test_calculate_total_delivery_price_with_regual_api" duration-ms="270" started-at="2020-09-26T19:42:54Z" finished-at="2020-09-26T19:42:54Z">
          <params>
            <param index="0">
              <value>
                <![CDATA[https://digitalapi.auspost.com.au]]>
              </value>
            </param>
            <param index="1">
              <value>
                <![CDATA[2000]]>
              </value>
            </param>
            <param index="2">
              <value>
                <![CDATA[3000]]>
              </value>
            </param>
            <param index="3">
              <value>
                <![CDATA[11]]>
              </value>
            </param>
            <param index="4">
              <value>
                <![CDATA[0]]>
              </value>
            </param>
            <param index="5">
              <value>
                <![CDATA[0]]>
              </value>
            </param>
            <param index="6">
              <value>
                <![CDATA[11]]>
              </value>
            </param>
            <param index="7">
              <value>
                <![CDATA[AUS_PARCEL_REGULAR]]>
              </value>
            </param>
          </params>
          <reporter-output>
          </reporter-output>
        </test-method> <!-- test_calculate_total_delivery_price_with_regual_api -->
      </class> <!-- run.test.api.TestAuspostApi -->
      <class name="run.test.ui.RunTest">
        <test-method status="PASS" signature="setUpClass()[pri:0, instance:run.test.ui.RunTest@6295d394]" name="setUpClass" is-config="true" duration-ms="538" started-at="2020-09-26T19:42:51Z" finished-at="2020-09-26T19:42:51Z">
          <reporter-output>
          </reporter-output>
        </test-method> <!-- setUpClass -->
        <test-method status="PASS" signature="runScenario(cucumber.api.testng.PickleEventWrapper, cucumber.api.testng.CucumberFeatureWrapper)[pri:0, instance:run.test.ui.RunTest@6295d394]" name="runScenario" duration-ms="10897" started-at="2020-09-26T19:42:51Z" description="Runs Cucumber Scenarios" data-provider="scenarios" finished-at="2020-09-26T19:43:02Z">
          <params>
            <param index="0">
              <value>
                <![CDATA["Calculate Postage"]]>
              </value>
            </param>
            <param index="1">
              <value>
                <![CDATA["Calculate Postage from the Australia post website."]]>
              </value>
            </param>
          </params>
          <reporter-output>
            <line>
              <![CDATA[<div "result">user go to Australia Post Calculate postage (PASSED : 2s)</div>]]>
            </line>
            <line>
              <![CDATA[<div "result">user Enter a source &quot;2151&quot; and destination postcode &quot;2150&quot; and selecting from the dropdown list (PASSED : 2s)</div>]]>
            </line>
            <line>
              <![CDATA[<div "result">user click on the Go button (PASSED : 0s)</div>]]>
            </line>
            <line>
              <![CDATA[<div "result">Validate the cost express post and parcel post (PASSED : 0s)</div>]]>
            </line>
          </reporter-output>
        </test-method> <!-- runScenario -->
        <test-method status="PASS" signature="runScenario(cucumber.api.testng.PickleEventWrapper, cucumber.api.testng.CucumberFeatureWrapper)[pri:0, instance:run.test.ui.RunTest@6295d394]" name="runScenario" duration-ms="7981" started-at="2020-09-26T19:43:02Z" description="Runs Cucumber Scenarios" data-provider="scenarios" finished-at="2020-09-26T19:43:10Z">
          <params>
            <param index="0">
              <value>
                <![CDATA["Calculate Postage with size weight and date"]]>
              </value>
            </param>
            <param index="1">
              <value>
                <![CDATA["Calculate Postage from the Australia post website."]]>
              </value>
            </param>
          </params>
          <reporter-output>
            <line>
              <![CDATA[<div "result">user go to Australia Post Calculate postage (PASSED : 1s)</div>]]>
            </line>
            <line>
              <![CDATA[<div "result">user Enter a source &quot;2151&quot; and destination postcode &quot;2150&quot; and selecting from the dropdown list (PASSED : 2s)</div>]]>
            </line>
            <line>
              <![CDATA[<div "result">user click on the Go button (PASSED : 0s)</div>]]>
            </line>
            <line>
              <![CDATA[<div "result">user type 10,18,2020-09-27 for calculate postage (PASSED : 1s)</div>]]>
            </line>
            <line>
              <![CDATA[<div "result">Validate the cost express post and parcel post after setting size and date (PASSED : 0s)</div>]]>
            </line>
          </reporter-output>
        </test-method> <!-- runScenario -->
        <test-method status="PASS" signature="tearDownClass()[pri:0, instance:run.test.ui.RunTest@6295d394]" name="tearDownClass" is-config="true" duration-ms="6" started-at="2020-09-26T19:43:10Z" finished-at="2020-09-26T19:43:10Z">
          <reporter-output>
          </reporter-output>
        </test-method> <!-- tearDownClass -->
      </class> <!-- run.test.ui.RunTest -->
    </test> <!-- Test -->
  </suite> <!-- Suite -->
</testng-results>
